<?xml version="1.0" encoding="UTF-8"?>
<Site BuildName="(empty)"
	BuildStamp="20240729-0739-Experimental"
	Name="uax"
	Generator="ctest-3.10.2"
	CompilerName="/usr/bin/c++"
	CompilerVersion="7.5.0"
	OSName="Linux"
	Hostname="uax"
	OSRelease="5.4.19-rt10"
	OSVersion="#1 SMP PREEMPT_RT Thu Dec 8 14:42:22 CST 2022"
	OSPlatform="x86_64"
	Is64Bits="1"
	VendorString="GenuineIntel"
	VendorID="Intel Corporation"
	FamilyID="6"
	ModelID="151"
	ProcessorCacheSize="25600"
	NumberOfLogicalCPU="20"
	NumberOfPhysicalCPU="12"
	TotalVirtualMemory="2047"
	TotalPhysicalMemory="31892"
	LogicalProcessorsPerPhysical="1"
	ProcessorClockFrequency="3796.47"
	>
	<Testing>
		<StartDateTime>Jul 29 15:39 CST</StartDateTime>
		<StartTestTime>1722238793</StartTestTime>
		<TestList/>
		<EndDateTime>Jul 29 15:39 CST</EndDateTime>
		<EndTestTime>1722238793</EndTestTime>
		<ElapsedMinutes>0</ElapsedMinutes>
	</Testing>
</Site>
